<?xml version="1.0" encoding="UTF-8"?>
<!-- Generated by org.testng.reporters.JUnitXMLReporter -->
<testsuite hostname="QT-INBG-LT0677" ignored="5" name="Default test" tests="1" failures="0" timestamp="2019-12-31T14:00:19 IST" time="0.032" errors="0">
  <testcase name="pattern3_4" time="0.016" classname="patterns.Pattern1"/>
  <testcase name="pattern4" time="0.0" classname="patterns.Pattern1">
    <ignored/>
  </testcase> <!-- pattern4 -->
  <testcase name="pattern1" time="0.0" classname="patterns.Pattern1">
    <ignored/>
  </testcase> <!-- pattern1 -->
  <testcase name="pattern2" time="0.0" classname="patterns.Pattern1">
    <ignored/>
  </testcase> <!-- pattern2 -->
  <testcase name="pattern3" time="0.0" classname="patterns.Pattern1">
    <ignored/>
  </testcase> <!-- pattern3 -->
  <testcase name="pattern1_2" time="0.0" classname="patterns.Pattern1">
    <ignored/>
  </testcase> <!-- pattern1_2 -->
</testsuite> <!-- Default test -->
